This file contains any messages produced by compilers while
running configure, to aid debugging if configure makes a mistake.

It was created by configure, which was
generated by GNU Autoconf 2.69.  Invocation command line was

  $ ./configure --prefix=/usr --host=i686-pc-linux-gnu --mandir=/usr/share/man --infodir=/usr/share/info --datadir=/usr/share --sysconfdir=/etc --localstatedir=/var/lib --with-qt-dir=/usr/qt/3 --enable-mt --with-qt-libraries=/usr/qt/3/lib --disable-dependency-tracking --disable-debug --without-debug --without-arts --prefix=/usr/kde/git --prefix=/usr/kde/git --mandir=/usr/kde/git/share/man --infodir=/usr/kde/git/share/info --datadir=/usr/kde/git/share --sysconfdir=/usr/kde/git/etc --build=i686-pc-linux-gnu

## --------- ##
## Platform. ##
## --------- ##

hostname = h_rmgdt
uname -m = i686
uname -r = 3.9.0-rc7-markI+
uname -s = Linux
uname -v = #1 SMP PREEMPT Thu Apr 18 17:43:29 UTC 2013

/usr/bin/uname -p = Intel(R) Core(TM)2 Duo CPU T7700 @ 2.40GHz
/bin/uname -X     = unknown

/bin/arch              = unknown
/usr/bin/arch -k       = unknown
/usr/convex/getsysinfo = unknown
/usr/bin/hostinfo      = unknown
/bin/machine           = unknown
/usr/bin/oslevel       = unknown
/bin/universe          = unknown

PATH: /lib/rc/bin
PATH: /bin
PATH: /sbin
PATH: /bin
PATH: /sbin
PATH: /usr/bin
PATH: /usr/sbin
PATH: /usr/bin
PATH: /usr/sbin
PATH: /usr/local/bin
PATH: /usr/local/sbin
PATH: /usr/kde/git/bin
PATH: /usr/lib/ccache/bin/
PATH: /opt/bin
PATH: /usr/i686-pc-linux-gnu/gcc-bin/4.5.4
PATH: /usr/qt/3/bin
PATH: /usr/games/bin


## ----------- ##
## Core tests. ##
## ----------- ##

configure:1805: checking for a BSD-compatible install
configure:1873: result: /usr/bin/install -c
configure:1888: checking for -p flag to install
configure:1901: result: yes
configure:1912: checking whether build environment is sane
configure:1962: result: yes
configure:2103: checking for a thread-safe mkdir -p
configure:2142: result: /bin/mkdir -p
configure:2155: checking for gawk
configure:2171: found /bin/gawk
configure:2182: result: gawk
configure:2193: checking whether make sets $(MAKE)
configure:2215: result: yes
configure:2302: checking for msgfmt
configure:2329: result: /usr/bin/msgfmt
configure:2338: checking for gmsgfmt
configure:2356: found /usr/bin/gmsgfmt
configure:2369: result: /usr/bin/gmsgfmt
configure:2389: checking for xgettext
configure:2416: result: /usr/bin/xgettext
configure:2437: checking for rpath
configure:2469: result: yes
configure:2475: checking for KDE paths
configure:3063: result: defaults
configure:3107: checking for dcopidl
configure:3165: result: /usr/kde/git/bin/dcopidl
configure:3172: checking for dcopidl2cpp
configure:3230: result: /usr/kde/git/bin/dcopidl2cpp
configure:3371: checking for meinproc
configure:3425: result: /usr/kde/git/bin/meinproc
configure:3455: checking for kconfig_compiler
configure:3513: result: /usr/kde/git/bin/kconfig_compiler
configure:3520: checking for dcopidlng
configure:3578: result: /usr/kde/git/bin/dcopidlng
configure:3587: checking for makekdewidgets
configure:3645: result: /usr/kde/git/bin/makekdewidgets
configure:3654: checking for xmllint
configure:3708: result: /usr/bin/xmllint
configure: 3724: /usr/share/kde/apps/ksgmltools2/customization/kde-chunk.xsl
configure: 3724: /usr/local/share/apps/ksgmltools2/customization/kde-chunk.xsl
configure: 3724: /usr/share/apps/ksgmltools2/customization/kde-chunk.xsl
configure: 3724: /opt/kde3/share/apps/ksgmltools2/customization/kde-chunk.xsl
configure: 3724: /opt/kde/share/apps/ksgmltools2/customization/kde-chunk.xsl
configure: 3724: /usr/kde/git/share/apps/ksgmltools2/customization/kde-chunk.xsl
taking that
configure:3845: checking for kde-config
configure:3903: result: /usr/kde/git/bin/kde-config
configure:3921: checking where to install
configure:3929: result: /usr/kde/git (as requested)
configure:3997: checking whether ln -s works
configure:4001: result: yes
configure:4029: checking if admin should be compiled
configure:4041: result: no
configure:4029: checking if autom4te.cache should be compiled
configure:4041: result: yes
configure:4029: checking if messages should be compiled
configure:4041: result: yes
configure:4211: creating ./config.status

## ---------------------- ##
## Running config.status. ##
## ---------------------- ##

This file was extended by config.status, which was
generated by GNU Autoconf 2.69.  Invocation command line was

  CONFIG_FILES    = 
  CONFIG_HEADERS  = 
  CONFIG_LINKS    = 
  CONFIG_COMMANDS = 
  $ ./config.status 

on h_rmgdt

config.status:872: creating Makefile
config.status:872: creating messages/Makefile
config.status:872: creating messages/kdeaccessibility/Makefile
config.status:872: creating messages/kdeaddons/Makefile
config.status:872: creating messages/kdeadmin/Makefile
config.status:872: creating messages/kdeartwork/Makefile
config.status:872: creating messages/kdebase/Makefile
config.status:872: creating messages/kdeedu/Makefile
config.status:872: creating messages/kdegames/Makefile
config.status:872: creating messages/kdegraphics/Makefile
config.status:872: creating messages/kdelibs/Makefile
config.status:872: creating messages/kdemultimedia/Makefile
config.status:872: creating messages/kdenetwork/Makefile
config.status:872: creating messages/kdepim/Makefile
config.status:872: creating messages/kdesdk/Makefile
config.status:872: creating messages/kdetoys/Makefile
config.status:872: creating messages/kdeutils/Makefile
config.status:872: creating messages/kdevelop/Makefile
config.status:872: creating messages/kdewebdev/Makefile
config.status:872: creating config.h
configure:5431: WARNING: unrecognized options: --with-qt-dir, --enable-mt, --with-qt-libraries, --disable-dependency-tracking, --disable-debug, --without-debug

## ---------------- ##
## Cache variables. ##
## ---------------- ##

ac_cv_env_build_alias_set=set
ac_cv_env_build_alias_value=i686-pc-linux-gnu
ac_cv_env_host_alias_set=set
ac_cv_env_host_alias_value=i686-pc-linux-gnu
ac_cv_env_target_alias_set=
ac_cv_env_target_alias_value=
ac_cv_path_GMSGFMT=/usr/bin/gmsgfmt
ac_cv_path_MSGFMT=/usr/bin/msgfmt
ac_cv_path_XGETTEXT=/usr/bin/xgettext
ac_cv_path_install='/usr/bin/install -c'
ac_cv_path_mkdir=/bin/mkdir
ac_cv_prog_AWK=gawk
ac_cv_prog_make_make_set=yes
kde_cv_all_paths='kde_have_all_paths="yes" 	kde_htmldir="\${datadir}/doc/HTML" 	kde_appsdir="\${datadir}/applnk" 	kde_icondir="\${datadir}/icons" 	kde_sounddir="\${datadir}/sounds" 	kde_datadir="\${datadir}/apps" 	kde_locale="\${datadir}/locale" 	kde_cgidir="\${exec_prefix}/cgi-bin" 	kde_confdir="\${datadir}/config" 	kde_kcfgdir="\${datadir}/config.kcfg" 	kde_mimedir="\${datadir}/mimelnk" 	kde_toolbardir="\${datadir}/toolbar" 	kde_wallpaperdir="\${datadir}/wallpapers" 	kde_templatesdir="\${datadir}/templates" 	kde_bindir="\${exec_prefix}/bin" 	kde_servicesdir="\${datadir}/services" 	kde_servicetypesdir="\${datadir}/servicetypes" 	kde_moduledir="\${libdir}/kde3" 	kde_styledir="\${libdir}/kde3/plugins/styles" 	kde_widgetdir="\${libdir}/kde3/plugins/designer" 	xdg_appsdir="\${datadir}/applications/kde" 	xdg_menudir="\${sysconfdir}/xdg/menus" 	xdg_directorydir="\${datadir}/desktop-directories" 	kde_result=defaults'
kde_cv_path=/usr/kde/git/bin/kde-config
kde_cv_path_dcopidl2cpp=/usr/kde/git/bin/dcopidl2cpp
kde_cv_path_dcopidl=/usr/kde/git/bin/dcopidl
kde_cv_path_dcopidlng=/usr/kde/git/bin/dcopidlng
kde_cv_path_kconfig_compiler=/usr/kde/git/bin/kconfig_compiler
kde_cv_path_kde_config=/usr/kde/git/bin/kde-config
kde_cv_path_makekdewidgets=/usr/kde/git/bin/makekdewidgets
kde_cv_path_meinproc=/usr/kde/git/bin/meinproc
kde_cv_path_xmllint=/usr/bin/xmllint

## ----------------- ##
## Output variables. ##
## ----------------- ##

ACLOCAL='${SHELL} /home/rainman/projects/kde/kdei18n/gl/missing --run aclocal-1.11'
AMTAR='$${TAR-tar}'
ARTSCCONFIG=''
AUTOCONF='${SHELL} /home/rainman/projects/kde/kdei18n/gl/missing --run autoconf'
AUTODIRS=''
AUTOHEADER='${SHELL} /home/rainman/projects/kde/kdei18n/gl/missing --run autoheader'
AUTOMAKE='${SHELL} /home/rainman/projects/kde/kdei18n/gl/missing --run automake-1.11'
AWK='gawk'
CONF_FILES=' $(top_srcdir)/configure.in.in'
CYGPATH_W='echo'
DCOPIDL2CPP='/usr/kde/git/bin/dcopidl2cpp'
DCOPIDL='/usr/kde/git/bin/dcopidl'
DCOPIDLNG='/usr/kde/git/bin/dcopidlng'
DCOP_DEPENDENCIES='$(DCOPIDL) $(DCOPIDLNG)'
DEFS='-DHAVE_CONFIG_H'
ECHO_C=''
ECHO_N='-n'
ECHO_T=''
GMSGFMT='/usr/bin/gmsgfmt'
INSTALL_DATA='${INSTALL} -m 644'
INSTALL_PROGRAM='${INSTALL} $(INSTALL_STRIP_FLAG)'
INSTALL_SCRIPT='${INSTALL}'
INSTALL_STRIP_PROGRAM='$(install_sh) -c -s'
KCFG_DEPENDENCIES='$(KCONFIG_COMPILER)'
KCONFIG_COMPILER='/usr/kde/git/bin/kconfig_compiler'
KDECONFIG='/usr/kde/git/bin/kde-config'
KDE_EXTRA_RPATH=''
KDE_RPATH='-R $(libdir) -R $(kde_libraries)'
KDE_XSL_STYLESHEET='/usr/kde/git/share/apps/ksgmltools2/customization/kde-chunk.xsl'
LIBOBJS=''
LIBS=''
LN_S='ln -s'
LTLIBOBJS=''
MAKEINFO='${SHELL} /home/rainman/projects/kde/kdei18n/gl/missing --run makeinfo'
MAKEKDEWIDGETS='/usr/kde/git/bin/makekdewidgets'
MCOPIDL=''
MEINPROC='/usr/kde/git/bin/meinproc'
MKDIR_P='/bin/mkdir -p'
MSGFMT='/usr/bin/gmsgfmt'
PACKAGE='kde-i18n-gl'
PACKAGE_BUGREPORT=''
PACKAGE_NAME=''
PACKAGE_STRING=''
PACKAGE_TARNAME=''
PACKAGE_URL=''
PACKAGE_VERSION=''
PATH_SEPARATOR=':'
SET_MAKE=''
SHELL='/bin/sh'
STRIP=''
TOPSUBDIRS=' autom4te.cache messages'
VERSION='3.5.10'
XGETTEXT='/usr/bin/xgettext'
XMLLINT='/usr/bin/xmllint'
X_RPATH=''
am__isrc=''
am__leading_dot='.'
am__tar='$${TAR-tar} chof - "$$tardir"'
am__untar='$${TAR-tar} xf -'
bindir='${exec_prefix}/bin'
build_alias='i686-pc-linux-gnu'
datadir='/usr/kde/git/share'
datarootdir='${prefix}/share'
docdir='${datarootdir}/doc/${PACKAGE}'
dvidir='${docdir}'
exec_prefix='${prefix}'
host_alias='i686-pc-linux-gnu'
htmldir='${docdir}'
include_ARTS_FALSE=''
include_ARTS_TRUE='#'
includedir='${prefix}/include'
infodir='/usr/kde/git/share/info'
install_sh='${SHELL} /home/rainman/projects/kde/kdei18n/gl/install-sh'
kde_appsdir='${datadir}/applnk'
kde_bindir='${exec_prefix}/bin'
kde_confdir='${datadir}/config'
kde_datadir='${datadir}/apps'
kde_htmldir='${datadir}/doc/HTML'
kde_icondir='${datadir}/icons'
kde_kcfgdir='${datadir}/config.kcfg'
kde_libs_htmldir='/usr/kde/git/share/doc/HTML'
kde_libs_prefix='/usr/kde/git'
kde_locale='${datadir}/locale'
kde_mimedir='${datadir}/mimelnk'
kde_moduledir='${libdir}/kde3'
kde_servicesdir='${datadir}/services'
kde_servicetypesdir='${datadir}/servicetypes'
kde_sounddir='${datadir}/sounds'
kde_styledir='${libdir}/kde3/plugins/styles'
kde_templatesdir='${datadir}/templates'
kde_wallpaperdir='${datadir}/wallpapers'
kde_widgetdir='${libdir}/kde3/plugins/designer'
kdeinitdir='$(kde_moduledir)'
libdir='${exec_prefix}/lib'
libexecdir='${exec_prefix}/libexec'
localedir='${datarootdir}/locale'
localstatedir='/var/lib'
mandir='/usr/kde/git/share/man'
mkdir_p='/bin/mkdir -p'
oldincludedir='/usr/include'
pdfdir='${docdir}'
prefix='/usr/kde/git'
program_transform_name='s,x,x,'
psdir='${docdir}'
sbindir='${exec_prefix}/sbin'
sharedstatedir='${prefix}/com'
sysconfdir='/usr/kde/git/etc'
target_alias=''
xdg_appsdir='${datadir}/applications/kde'
xdg_directorydir='${datadir}/desktop-directories'
xdg_menudir='${sysconfdir}/xdg/menus'

## ----------- ##
## confdefs.h. ##
## ----------- ##

/* confdefs.h */
#define PACKAGE_NAME ""
#define PACKAGE_TARNAME ""
#define PACKAGE_VERSION ""
#define PACKAGE_STRING ""
#define PACKAGE_BUGREPORT ""
#define PACKAGE_URL ""
#define PACKAGE "kde-i18n-gl"
#define VERSION "3.5.10"
#define WITHOUT_ARTS 1

configure: exit 0
